1627389149632	geckodriver	INFO	Listening on 127.0.0.1:56676
1627389152692	mozrunner::runner	INFO	Running command: "C:\\Program Files\\Mozilla Firefox\\firefox.exe" "--marionette" "-foreground" "-no-remote" "-profile" "C:\\Users\\asus\\AppData\\Local\\Temp\\rust_mozprofileEzdsMg"
1627389153448	Marionette	INFO	Marionette enabled
console.warn: SearchSettings: "get: No settings file exists, new profile?" (new NotFoundError("Could not open the file at C:\\Users\\asus\\AppData\\Local\\Temp\\rust_mozprofileEzdsMg\\search.json.mozlz4", (void 0)))
1627389155649	Marionette	INFO	Listening on port 61136
1627389155909	Marionette	WARN	TLS certificate errors will be ignored for this session
1627389175070	Marionette	INFO	Stopped listening on port 61136

###!!! [Child][RunMessage] Error: Channel closing: too late to send/recv, messages will be lost

1627389192524	geckodriver	INFO	Listening on 127.0.0.1:63301
1627389195576	mozrunner::runner	INFO	Running command: "C:\\Program Files\\Mozilla Firefox\\firefox.exe" "--marionette" "-foreground" "-no-remote" "-profile" "C:\\Users\\asus\\AppData\\Local\\Temp\\rust_mozprofilegc6MS1"
1627389195867	Marionette	INFO	Marionette enabled
console.warn: SearchSettings: "get: No settings file exists, new profile?" (new NotFoundError("Could not open the file at C:\\Users\\asus\\AppData\\Local\\Temp\\rust_mozprofilegc6MS1\\search.json.mozlz4", (void 0)))
1627389197555	Marionette	INFO	Listening on port 49686
1627389197650	Marionette	WARN	TLS certificate errors will be ignored for this session
1627389222467	Marionette	INFO	Stopped listening on port 49686
1627389284704	geckodriver	INFO	Listening on 127.0.0.1:61404
1627389287756	mozrunner::runner	INFO	Running command: "C:\\Program Files\\Mozilla Firefox\\firefox.exe" "--marionette" "-foreground" "-no-remote" "-profile" "C:\\Users\\asus\\AppData\\Local\\Temp\\rust_mozprofileqhK6Q5"
1627389288068	Marionette	INFO	Marionette enabled
console.warn: SearchSettings: "get: No settings file exists, new profile?" (new NotFoundError("Could not open the file at C:\\Users\\asus\\AppData\\Local\\Temp\\rust_mozprofileqhK6Q5\\search.json.mozlz4", (void 0)))
1627389290245	Marionette	INFO	Listening on port 59722
1627389290440	Marionette	WARN	TLS certificate errors will be ignored for this session
1627389328714	Marionette	INFO	Stopped listening on port 59722

###!!! [Child][RunMessage] Error: Channel closing: too late to send/recv, messages will be lost

1627389874620	geckodriver	INFO	Listening on 127.0.0.1:56200
1627389877683	mozrunner::runner	INFO	Running command: "C:\\Program Files\\Mozilla Firefox\\firefox.exe" "--marionette" "-foreground" "-no-remote" "-profile" "C:\\Users\\asus\\AppData\\Local\\Temp\\rust_mozprofileVDHs3p"
1627389877972	Marionette	INFO	Marionette enabled
console.warn: SearchSettings: "get: No settings file exists, new profile?" (new NotFoundError("Could not open the file at C:\\Users\\asus\\AppData\\Local\\Temp\\rust_mozprofileVDHs3p\\search.json.mozlz4", (void 0)))
1627389879645	Marionette	INFO	Listening on port 64582
1627389879754	Marionette	WARN	TLS certificate errors will be ignored for this session
1627389890398	Marionette	INFO	Stopped listening on port 64582
1627390155394	geckodriver	INFO	Listening on 127.0.0.1:52007
1627390158472	mozrunner::runner	INFO	Running command: "C:\\Program Files\\Mozilla Firefox\\firefox.exe" "--marionette" "-foreground" "-no-remote" "-profile" "C:\\Users\\asus\\AppData\\Local\\Temp\\rust_mozprofileDR9NNH"
1627390158755	Marionette	INFO	Marionette enabled
console.warn: SearchSettings: "get: No settings file exists, new profile?" (new NotFoundError("Could not open the file at C:\\Users\\asus\\AppData\\Local\\Temp\\rust_mozprofileDR9NNH\\search.json.mozlz4", (void 0)))
1627390160447	Marionette	INFO	Listening on port 51396
1627390160613	Marionette	WARN	TLS certificate errors will be ignored for this session
1627390173382	Marionette	INFO	Stopped listening on port 51396

###!!! [Child][RunMessage] Error: Channel closing: too late to send/recv, messages will be lost

1627391267984	geckodriver	INFO	Listening on 127.0.0.1:55312
1627391271042	mozrunner::runner	INFO	Running command: "C:\\Program Files\\Mozilla Firefox\\firefox.exe" "--marionette" "-foreground" "-no-remote" "-profile" "C:\\Users\\asus\\AppData\\Local\\Temp\\rust_mozprofileAS7YzS"
1627391271325	Marionette	INFO	Marionette enabled
console.warn: SearchSettings: "get: No settings file exists, new profile?" (new NotFoundError("Could not open the file at C:\\Users\\asus\\AppData\\Local\\Temp\\rust_mozprofileAS7YzS\\search.json.mozlz4", (void 0)))
1627391273025	Marionette	INFO	Listening on port 58602
1627391273118	Marionette	WARN	TLS certificate errors will be ignored for this session
JavaScript warning: http://mooc1-1.chaoxing.com/js/jquery-1.9.0.min.js, line 4: Using //@ to indicate sourceMappingURL pragmas is deprecated. Use //# instead
JavaScript warning: http://mooc1-1.chaoxing.com/js/common/jquery.min.js, line 4: Using //@ to indicate sourceMappingURL pragmas is deprecated. Use //# instead
[Parent 22264, IPC I/O Parent] WARNING: file /builds/worker/checkouts/gecko/ipc/chromium/src/base/process_util_win.cc:167
1627391284603	Marionette	INFO	Stopped listening on port 58602

###!!! [Child][RunMessage] Error: Channel closing: too late to send/recv, messages will be lost

1627391741708	geckodriver	INFO	Listening on 127.0.0.1:64216
1627391744777	mozrunner::runner	INFO	Running command: "C:\\Program Files\\Mozilla Firefox\\firefox.exe" "--marionette" "-foreground" "-no-remote" "-profile" "C:\\Users\\asus\\AppData\\Local\\Temp\\rust_mozprofileFBGB37"
1627391745087	Marionette	INFO	Marionette enabled
console.warn: SearchSettings: "get: No settings file exists, new profile?" (new NotFoundError("Could not open the file at C:\\Users\\asus\\AppData\\Local\\Temp\\rust_mozprofileFBGB37\\search.json.mozlz4", (void 0)))
1627391746877	Marionette	INFO	Listening on port 57076
1627391746957	Marionette	WARN	TLS certificate errors will be ignored for this session
JavaScript warning: http://mooc1-1.chaoxing.com/js/jquery-1.9.0.min.js, line 4: Using //@ to indicate sourceMappingURL pragmas is deprecated. Use //# instead
JavaScript warning: http://mooc1-1.chaoxing.com/js/common/jquery.min.js, line 4: Using //@ to indicate sourceMappingURL pragmas is deprecated. Use //# instead
1627391764035	Marionette	INFO	Stopped listening on port 57076

###!!! [Child][RunMessage] Error: Channel closing: too late to send/recv, messages will be lost

1628942075206	geckodriver	INFO	Listening on 127.0.0.1:52231
1628942078281	mozrunner::runner	INFO	Running command: "C:\\Program Files\\Mozilla Firefox\\firefox.exe" "--marionette" "-foreground" "-no-remote" "-profile" "C:\\Users\\asus\\AppData\\Local\\Temp\\rust_mozprofilemvdpAg"
1644905355668	geckodriver	INFO	Listening on 127.0.0.1:52549
1644905358728	mozrunner::runner	INFO	Running command: "C:\\Program Files\\Mozilla Firefox\\firefox.exe" "--marionette" "-foreground" "-no-remote" "-profile" "C:\\Users\\asus\\AppData\\Local\\Temp\\rust_mozprofilekmpeLU"
1644987204912	geckodriver	INFO	Listening on 127.0.0.1:55089
1644987207988	mozrunner::runner	INFO	Running command: "C:\\Program Files\\Mozilla Firefox\\firefox.exe" "--marionette" "-foreground" "-no-remote" "-profile" "C:\\Users\\asus\\AppData\\Local\\Temp\\rust_mozprofilew8Z7rj"
1644987208489	Marionette	INFO	Marionette enabled
console.warn: SearchSettings: "get: No settings file exists, new profile?" (new NotFoundError("Could not open the file at C:\\Users\\asus\\AppData\\Local\\Temp\\rust_mozprofilew8Z7rj\\search.json.mozlz4", (void 0)))
1644987211063	Marionette	INFO	Listening on port 55097
1644987211183	RemoteAgent	WARN	TLS certificate errors will be ignored for this session
JavaScript warning: https://g.alicdn.com/??kissy/k/6.2.4/seed-min.js,kg/global-util/1.0.7/index-min.js,secdev/sufei_data/3.8.7/index.js, line 6: WebGL context was lost.
1644987215509	Marionette	INFO	Stopped listening on port 55097
JavaScript error: chrome://remote/content/marionette/cert.js, line 55: NS_ERROR_NOT_AVAILABLE: Component returned failure code: 0x80040111 (NS_ERROR_NOT_AVAILABLE) [nsICertOverrideService.setDisableAllSecurityChecksAndLetAttackersInterceptMyData]

###!!! [Parent][PGPUParent] Error: RunMessage(msgname=PGPU::Msg_ShutdownVR) Channel closing: too late to send/recv, messages will be lost

1644987255172	geckodriver	INFO	Listening on 127.0.0.1:55155
1644987258204	mozrunner::runner	INFO	Running command: "C:\\Program Files\\Mozilla Firefox\\firefox.exe" "--marionette" "-foreground" "-no-remote" "-profile" "C:\\Users\\asus\\AppData\\Local\\Temp\\rust_mozprofileFUNHqd"
1644987258671	Marionette	INFO	Marionette enabled
console.warn: SearchSettings: "get: No settings file exists, new profile?" (new NotFoundError("Could not open the file at C:\\Users\\asus\\AppData\\Local\\Temp\\rust_mozprofileFUNHqd\\search.json.mozlz4", (void 0)))
1644987261225	Marionette	INFO	Listening on port 55163
1644987261379	RemoteAgent	WARN	TLS certificate errors will be ignored for this session
JavaScript warning: https://g.alicdn.com/??kissy/k/6.2.4/seed-min.js,kg/global-util/1.0.7/index-min.js,secdev/sufei_data/3.8.7/index.js, line 6: WebGL context was lost.
JavaScript warning: https://g.alicdn.com/secdev/sufei_data/3.9.9/index.js, line 1: WebGL context was lost.
JavaScript warning: https://g.alicdn.com/??xlly/spl/rp.js,secdev/nsv/1.0.78/ns_e_88_3_n.js?v=1, line 5: WebGL context was lost.
JavaScript warning: https://g.alicdn.com/AWSC/et/1.62.1/et_n.js, line 1: WEBGL_debug_renderer_info is deprecated in Firefox and will be removed. Please use RENDERER.
JavaScript warning: https://g.alicdn.com/AWSC/et/1.62.1/et_n.js, line 4: WebGL context was lost.
JavaScript warning: https://g.alicdn.com/AWSC/fireyejs/1.219.2/fireyejs.js, line 2: WEBGL_debug_renderer_info is deprecated in Firefox and will be removed. Please use RENDERER.
JavaScript warning: https://g.alicdn.com/AWSC/uab/1.140.0/collina.js, line 4: WEBGL_debug_renderer_info is deprecated in Firefox and will be removed. Please use RENDERER.
JavaScript warning: https://g.alicdn.com/AWSC/et/1.62.1/et_n.js, line 1: WEBGL_debug_renderer_info is deprecated in Firefox and will be removed. Please use RENDERER.
JavaScript warning: https://g.alicdn.com/AWSC/et/1.62.1/et_n.js, line 4: WebGL context was lost.
JavaScript warning: https://g.alicdn.com/AWSC/fireyejs/1.219.2/fireyejs.js, line 2: WEBGL_debug_renderer_info is deprecated in Firefox and will be removed. Please use RENDERER.
JavaScript warning: https://g.alicdn.com/AWSC/uab/1.140.0/collina.js, line 4: WEBGL_debug_renderer_info is deprecated in Firefox and will be removed. Please use RENDERER.
JavaScript warning: https://g.alicdn.com/secdev/sufei_data/3.9.9/index.js, line 1: WebGL context was lost.
JavaScript warning: https://g.alicdn.com/??xlly/spl/rp.js,secdev/nsv/1.0.78/ns_e_88_3_n.js?v=1, line 5: WebGL context was lost.
1644987309221	Marionette	INFO	Stopped listening on port 55163

###!!! [Parent][PGPUParent] Error: RunMessage(msgname=PGPU::Msg_ShutdownVR) Channel closing: too late to send/recv, messages will be lost

1644987312552	geckodriver	INFO	Listening on 127.0.0.1:55266
1644987315617	mozrunner::runner	INFO	Running command: "C:\\Program Files\\Mozilla Firefox\\firefox.exe" "--marionette" "-foreground" "-no-remote" "-profile" "C:\\Users\\asus\\AppData\\Local\\Temp\\rust_mozprofileEKt6Z4"
1644987316191	Marionette	INFO	Marionette enabled
console.warn: SearchSettings: "get: No settings file exists, new profile?" (new NotFoundError("Could not open the file at C:\\Users\\asus\\AppData\\Local\\Temp\\rust_mozprofileEKt6Z4\\search.json.mozlz4", (void 0)))
1644987318776	Marionette	INFO	Listening on port 55274
1644987318813	RemoteAgent	WARN	TLS certificate errors will be ignored for this session
JavaScript warning: https://g.alicdn.com/??kissy/k/6.2.4/seed-min.js,kg/global-util/1.0.7/index-min.js,secdev/sufei_data/3.8.7/index.js, line 6: WebGL context was lost.
JavaScript warning: https://g.alicdn.com/??xlly/spl/rp.js,secdev/nsv/1.0.78/ns_e_88_3_n.js?v=1, line 5: WebGL context was lost.
JavaScript warning: https://g.alicdn.com/secdev/sufei_data/3.9.9/index.js, line 1: WebGL context was lost.
JavaScript warning: https://g.alicdn.com/AWSC/et/1.62.1/et_n.js, line 1: WEBGL_debug_renderer_info is deprecated in Firefox and will be removed. Please use RENDERER.
JavaScript warning: https://g.alicdn.com/AWSC/et/1.62.1/et_n.js, line 4: WebGL context was lost.
JavaScript warning: https://g.alicdn.com/AWSC/fireyejs/1.219.2/fireyejs.js, line 2: WEBGL_debug_renderer_info is deprecated in Firefox and will be removed. Please use RENDERER.
JavaScript warning: https://g.alicdn.com/AWSC/uab/1.140.0/collina.js, line 4: WEBGL_debug_renderer_info is deprecated in Firefox and will be removed. Please use RENDERER.
JavaScript warning: https://g.alicdn.com/??kissy/k/6.2.4/seed-min.js,kg/global-util/1.0.7/index-min.js,secdev/sufei_data/3.8.7/index.js, line 6: WebGL context was lost.
JavaScript warning: https://g.alicdn.com/AWSC/et/1.62.1/et_n.js, line 1: WEBGL_debug_renderer_info is deprecated in Firefox and will be removed. Please use RENDERER.
JavaScript warning: https://g.alicdn.com/AWSC/et/1.62.1/et_n.js, line 4: WebGL context was lost.
JavaScript warning: https://g.alicdn.com/??xlly/spl/rp.js,secdev/nsv/1.0.78/ns_e_88_3_n.js?v=1, line 5: WebGL context was lost.
1644987354020	Marionette	INFO	Stopped listening on port 55274

###!!! [Child][PContentChild] Error: Send(msgname=PNecko::Msg_RemoveRequestContext) Channel closing: too late to send/recv, messages will be lost

JavaScript error: chrome://remote/content/marionette/cert.js, line 55: NS_ERROR_NOT_AVAILABLE: Component returned failure code: 0x80040111 (NS_ERROR_NOT_AVAILABLE) [nsICertOverrideService.setDisableAllSecurityChecksAndLetAttackersInterceptMyData]

###!!! [Parent][PGPUParent] Error: RunMessage(msgname=PGPU::Msg_ShutdownVR) Channel closing: too late to send/recv, messages will be lost

1644987452772	geckodriver	INFO	Listening on 127.0.0.1:55505
1644987455812	mozrunner::runner	INFO	Running command: "C:\\Program Files\\Mozilla Firefox\\firefox.exe" "--marionette" "-foreground" "-no-remote" "-profile" "C:\\Users\\asus\\AppData\\Local\\Temp\\rust_mozprofileMuB5tW"
1644987456347	Marionette	INFO	Marionette enabled
console.warn: SearchSettings: "get: No settings file exists, new profile?" (new NotFoundError("Could not open the file at C:\\Users\\asus\\AppData\\Local\\Temp\\rust_mozprofileMuB5tW\\search.json.mozlz4", (void 0)))
1644987458572	Marionette	INFO	Listening on port 55513
1644987458996	RemoteAgent	WARN	TLS certificate errors will be ignored for this session
1644987460511	Marionette	INFO	Stopped listening on port 55513
console.warn: services.settings: main/partitioning-exempt-urls sync interrupted by shutdown
console.error: Region.jsm: "Error fetching region" (new TypeError("NetworkError when attempting to fetch resource.", ""))
console.error: Region.jsm: "Failed to fetch region" (new Error("NO_RESULT", "resource://gre/modules/Region.jsm", 419))
console.error: services.settings: 
  main/message-groups Signature failed  TypeError: NetworkError: Network request failed

###!!! [Child][PContentChild] Error: RunMessage(msgname=PHttpChannel::Msg_DeleteSelf) Channel closing: too late to send/recv, messages will be lost


###!!! [Child][PContentChild] Error: RunMessage(msgname=PHttpChannel::Msg_DeleteSelf) Channel closing: too late to send/recv, messages will be lost

console.error: services.settings: 
  main/query-stripping Signature failed  TypeError: NetworkError: Network request failed
JavaScript error: chrome://remote/content/marionette/cert.js, line 55: NS_ERROR_NOT_AVAILABLE: Component returned failure code: 0x80040111 (NS_ERROR_NOT_AVAILABLE) [nsICertOverrideService.setDisableAllSecurityChecksAndLetAttackersInterceptMyData]

###!!! [Parent][PGPUParent] Error: RunMessage(msgname=PGPU::Msg_ShutdownVR) Channel closing: too late to send/recv, messages will be lost

1644987479176	geckodriver	INFO	Listening on 127.0.0.1:55547
1644987482242	mozrunner::runner	INFO	Running command: "C:\\Program Files\\Mozilla Firefox\\firefox.exe" "--marionette" "-foreground" "-no-remote" "-profile" "C:\\Users\\asus\\AppData\\Local\\Temp\\rust_mozprofile5TpAPT"
1644987482702	Marionette	INFO	Marionette enabled
console.warn: SearchSettings: "get: No settings file exists, new profile?" (new NotFoundError("Could not open the file at C:\\Users\\asus\\AppData\\Local\\Temp\\rust_mozprofile5TpAPT\\search.json.mozlz4", (void 0)))
1644987485192	Marionette	INFO	Listening on port 55555
1644987485435	RemoteAgent	WARN	TLS certificate errors will be ignored for this session
JavaScript warning: https://g.alicdn.com/??kissy/k/6.2.4/seed-min.js,kg/global-util/1.0.7/index-min.js,secdev/sufei_data/3.8.7/index.js, line 6: WebGL context was lost.
JavaScript warning: https://g.alicdn.com/??xlly/spl/rp.js,secdev/nsv/1.0.78/ns_e_88_3_n.js?v=1, line 5: WebGL context was lost.
JavaScript warning: https://g.alicdn.com/AWSC/et/1.62.1/et_n.js, line 1: WEBGL_debug_renderer_info is deprecated in Firefox and will be removed. Please use RENDERER.
JavaScript warning: https://g.alicdn.com/AWSC/et/1.62.1/et_n.js, line 4: WebGL context was lost.
1644987506617	Marionette	INFO	Stopped listening on port 55555
1644987515858	geckodriver	INFO	Listening on 127.0.0.1:55651
1644987518893	mozrunner::runner	INFO	Running command: "C:\\Program Files\\Mozilla Firefox\\firefox.exe" "--marionette" "-foreground" "-no-remote" "-profile" "C:\\Users\\asus\\AppData\\Local\\Temp\\rust_mozprofileo2KrK7"
1644987519385	Marionette	INFO	Marionette enabled
console.warn: SearchSettings: "get: No settings file exists, new profile?" (new NotFoundError("Could not open the file at C:\\Users\\asus\\AppData\\Local\\Temp\\rust_mozprofileo2KrK7\\search.json.mozlz4", (void 0)))
1644987521754	Marionette	INFO	Listening on port 55659
1644987522095	RemoteAgent	WARN	TLS certificate errors will be ignored for this session
JavaScript warning: https://g.alicdn.com/??kissy/k/6.2.4/seed-min.js,kg/global-util/1.0.7/index-min.js,secdev/sufei_data/3.8.7/index.js, line 6: WebGL context was lost.
JavaScript warning: https://g.alicdn.com/??xlly/spl/rp.js,secdev/nsv/1.0.78/ns_e_88_3_n.js?v=1, line 5: WebGL context was lost.
JavaScript warning: https://g.alicdn.com/AWSC/et/1.62.1/et_n.js, line 1: WEBGL_debug_renderer_info is deprecated in Firefox and will be removed. Please use RENDERER.
JavaScript warning: https://g.alicdn.com/AWSC/et/1.62.1/et_n.js, line 4: WebGL context was lost.
1644987531997	Marionette	INFO	Stopped listening on port 55659
1644988925477	geckodriver	INFO	Listening on 127.0.0.1:56719
1644988928530	mozrunner::runner	INFO	Running command: "C:\\Program Files\\Mozilla Firefox\\firefox.exe" "--marionette" "-foreground" "-no-remote" "-profile" "C:\\Users\\asus\\AppData\\Local\\Temp\\rust_mozprofilexBxSzu"
1644988929452	Marionette	INFO	Marionette enabled
console.warn: SearchSettings: "get: No settings file exists, new profile?" (new NotFoundError("Could not open the file at C:\\Users\\asus\\AppData\\Local\\Temp\\rust_mozprofilexBxSzu\\search.json.mozlz4", (void 0)))
1644988932511	Marionette	INFO	Listening on port 56728
1644988932722	RemoteAgent	WARN	TLS certificate errors will be ignored for this session
JavaScript warning: https://g.alicdn.com/AWSC/et/1.62.1/et_n.js, line 1: WEBGL_debug_renderer_info is deprecated in Firefox and will be removed. Please use RENDERER.
JavaScript warning: https://g.alicdn.com/AWSC/et/1.62.1/et_n.js, line 4: WebGL context was lost.
JavaScript warning: https://g.alicdn.com/AWSC/fireyejs/1.219.2/fireyejs.js, line 2: WEBGL_debug_renderer_info is deprecated in Firefox and will be removed. Please use RENDERER.
JavaScript warning: https://g.alicdn.com/AWSC/uab/1.140.0/collina.js, line 4: WEBGL_debug_renderer_info is deprecated in Firefox and will be removed. Please use RENDERER.
JavaScript warning: https://g.alicdn.com/secdev/sufei_data/3.9.9/index.js, line 1: WebGL context was lost.
JavaScript warning: https://g.alicdn.com/??xlly/spl/rp.js,secdev/nsv/1.0.78/ns_e_88_3_n.js?v=1, line 5: WebGL context was lost.
JavaScript error: resource://gre/actors/AutoCompleteChild.jsm, line 125: Error: Invalid autocomplete selectedIndex
JavaScript error: resource://gre/actors/AutoCompleteChild.jsm, line 125: Error: Invalid autocomplete selectedIndex
JavaScript error: resource://gre/modules/LoginManagerChild.jsm, line 194: NS_ERROR_XPC_JAVASCRIPT_ERROR_WITH_DETAILS: [JavaScript Error: "Invalid autocomplete selectedIndex" {file: "resource://gre/actors/AutoCompleteChild.jsm" line: 125}]'[JavaScript Error: "Invalid autocomplete selectedIndex" {file: "resource://gre/actors/AutoCompleteChild.jsm" line: 125}]' when calling method: [nsIAutoCompletePopup::selectedIndex]
JavaScript warning: https://g.alicdn.com/secdev/sufei_data/3.9.9/index.js, line 1: WebGL context was lost.
JavaScript warning: https://g.alicdn.com/AWSC/et/1.62.1/et_n.js, line 1: WEBGL_debug_renderer_info is deprecated in Firefox and will be removed. Please use RENDERER.
JavaScript warning: https://g.alicdn.com/AWSC/et/1.62.1/et_n.js, line 4: WebGL context was lost.
JavaScript warning: https://g.alicdn.com/??xlly/spl/rp.js,secdev/nsv/1.0.78/ns_e_88_3_n.js?v=1, line 5: WebGL context was lost.
JavaScript warning: https://g.alicdn.com/AWSC/uab/1.140.0/collina.js, line 4: WEBGL_debug_renderer_info is deprecated in Firefox and will be removed. Please use RENDERER.
console.warn: LoginRecipes: "getRecipes: falling back to a synchronous message for:" "https://login.taobao.com"
JavaScript warning: https://g.alicdn.com/secdev/sufei_data/3.9.9/index.js, line 1: WebGL context was lost.
JavaScript warning: https://g.alicdn.com/AWSC/et/1.62.1/et_n.js, line 1: WEBGL_debug_renderer_info is deprecated in Firefox and will be removed. Please use RENDERER.
JavaScript warning: https://g.alicdn.com/AWSC/et/1.62.1/et_n.js, line 4: WebGL context was lost.
JavaScript warning: https://g.alicdn.com/??xlly/spl/rp.js,secdev/nsv/1.0.78/ns_e_88_3_n.js?v=1, line 5: WebGL context was lost.
1644989044707	Marionette	INFO	Stopped listening on port 56728

###!!! [Parent][PGPUParent] Error: RunMessage(msgname=PGPU::Msg_ShutdownVR) Channel closing: too late to send/recv, messages will be lost

1644989087332	geckodriver	INFO	Listening on 127.0.0.1:57031
1644989090369	mozrunner::runner	INFO	Running command: "C:\\Program Files\\Mozilla Firefox\\firefox.exe" "--marionette" "-foreground" "-no-remote" "-profile" "C:\\Users\\asus\\AppData\\Local\\Temp\\rust_mozprofile2kQsPz"
1644989090869	Marionette	INFO	Marionette enabled
console.warn: SearchSettings: "get: No settings file exists, new profile?" (new NotFoundError("Could not open the file at C:\\Users\\asus\\AppData\\Local\\Temp\\rust_mozprofile2kQsPz\\search.json.mozlz4", (void 0)))
1644989093386	Marionette	INFO	Listening on port 57040
1644989093535	RemoteAgent	WARN	TLS certificate errors will be ignored for this session
JavaScript warning: https://g.alicdn.com/AWSC/et/1.62.1/et_n.js, line 1: WEBGL_debug_renderer_info is deprecated in Firefox and will be removed. Please use RENDERER.
JavaScript warning: https://g.alicdn.com/AWSC/et/1.62.1/et_n.js, line 4: WebGL context was lost.
JavaScript warning: https://g.alicdn.com/AWSC/fireyejs/1.219.2/fireyejs.js, line 2: WEBGL_debug_renderer_info is deprecated in Firefox and will be removed. Please use RENDERER.
JavaScript warning: https://g.alicdn.com/AWSC/uab/1.140.0/collina.js, line 4: WEBGL_debug_renderer_info is deprecated in Firefox and will be removed. Please use RENDERER.
JavaScript warning: https://g.alicdn.com/secdev/sufei_data/3.9.9/index.js, line 1: WebGL context was lost.
JavaScript warning: https://g.alicdn.com/??xlly/spl/rp.js,secdev/nsv/1.0.78/ns_e_88_3_n.js?v=1, line 5: WebGL context was lost.
JavaScript error: resource://gre/actors/AutoCompleteChild.jsm, line 125: Error: Invalid autocomplete selectedIndex
JavaScript error: resource://gre/actors/AutoCompleteChild.jsm, line 125: Error: Invalid autocomplete selectedIndex
JavaScript error: resource://gre/modules/LoginManagerChild.jsm, line 194: NS_ERROR_XPC_JAVASCRIPT_ERROR_WITH_DETAILS: [JavaScript Error: "Invalid autocomplete selectedIndex" {file: "resource://gre/actors/AutoCompleteChild.jsm" line: 125}]'[JavaScript Error: "Invalid autocomplete selectedIndex" {file: "resource://gre/actors/AutoCompleteChild.jsm" line: 125}]' when calling method: [nsIAutoCompletePopup::selectedIndex]
JavaScript warning: https://g.alicdn.com/secdev/sufei_data/3.9.9/index.js, line 1: WebGL context was lost.
JavaScript warning: https://g.alicdn.com/AWSC/et/1.62.1/et_n.js, line 1: WEBGL_debug_renderer_info is deprecated in Firefox and will be removed. Please use RENDERER.
JavaScript warning: https://g.alicdn.com/AWSC/et/1.62.1/et_n.js, line 4: WebGL context was lost.
JavaScript warning: https://g.alicdn.com/??xlly/spl/rp.js,secdev/nsv/1.0.78/ns_e_88_3_n.js?v=1, line 5: WebGL context was lost.
JavaScript warning: https://g.alicdn.com/AWSC/uab/1.140.0/collina.js, line 4: WEBGL_debug_renderer_info is deprecated in Firefox and will be removed. Please use RENDERER.
console.warn: LoginRecipes: "getRecipes: falling back to a synchronous message for:" "https://login.taobao.com"
console.warn: LoginRecipes: "getRecipes: falling back to a synchronous message for:" "https://login.taobao.com"
JavaScript error: resource://gre/modules/LoginManagerParent.jsm, line 136: TypeError: gRecipeManager is null
console.warn: LoginRecipes: "getRecipes: falling back to a synchronous message for:" "https://login.taobao.com"
JavaScript error: resource://gre/modules/LoginManagerParent.jsm, line 136: TypeError: gRecipeManager is null
JavaScript warning: https://gw.alipayobjects.com/os/fraudmng/qGfvSQfHOkuKVIdspxgg.js, line 1: WEBGL_debug_renderer_info is deprecated in Firefox and will be removed. Please use RENDERER.
JavaScript error: https://passport.alibaba.com/api/havana_top.js?callback=jQuery172032617264904983023_1644989119392&site=1&single=true&_input_charset=utf-8&ctoken=ABr_xabxIkwtwXQQ&_=1644989120173, line 1: TypeError: jQuery172032617264904983023_1644989119392 is not a function
1644989123191	Marionette	INFO	Stopped listening on port 57040
JavaScript error: chrome://remote/content/marionette/cert.js, line 55: NS_ERROR_NOT_AVAILABLE: Component returned failure code: 0x80040111 (NS_ERROR_NOT_AVAILABLE) [nsICertOverrideService.setDisableAllSecurityChecksAndLetAttackersInterceptMyData]

###!!! [Parent][PGPUParent] Error: RunMessage(msgname=PGPU::Msg_ShutdownVR) Channel closing: too late to send/recv, messages will be lost

1644989334054	geckodriver	INFO	Listening on 127.0.0.1:57226
1644989337112	mozrunner::runner	INFO	Running command: "C:\\Program Files\\Mozilla Firefox\\firefox.exe" "--marionette" "-foreground" "-no-remote" "-profile" "C:\\Users\\asus\\AppData\\Local\\Temp\\rust_mozprofilempmOGJ"
1644989337594	Marionette	INFO	Marionette enabled
console.warn: SearchSettings: "get: No settings file exists, new profile?" (new NotFoundError("Could not open the file at C:\\Users\\asus\\AppData\\Local\\Temp\\rust_mozprofilempmOGJ\\search.json.mozlz4", (void 0)))
1644989340120	Marionette	INFO	Listening on port 57234
1644989340308	RemoteAgent	WARN	TLS certificate errors will be ignored for this session
JavaScript warning: https://g.alicdn.com/AWSC/et/1.62.1/et_n.js, line 1: WEBGL_debug_renderer_info is deprecated in Firefox and will be removed. Please use RENDERER.
JavaScript warning: https://g.alicdn.com/AWSC/et/1.62.1/et_n.js, line 4: WebGL context was lost.
JavaScript warning: https://g.alicdn.com/AWSC/fireyejs/1.219.2/fireyejs.js, line 2: WEBGL_debug_renderer_info is deprecated in Firefox and will be removed. Please use RENDERER.
JavaScript warning: https://g.alicdn.com/AWSC/uab/1.140.0/collina.js, line 4: WEBGL_debug_renderer_info is deprecated in Firefox and will be removed. Please use RENDERER.
JavaScript warning: https://g.alicdn.com/secdev/sufei_data/3.9.9/index.js, line 1: WebGL context was lost.
JavaScript warning: https://g.alicdn.com/??xlly/spl/rp.js,secdev/nsv/1.0.78/ns_e_88_3_n.js?v=1, line 5: WebGL context was lost.
JavaScript warning: https://g.alicdn.com/secdev/sufei_data/3.9.9/index.js, line 1: WebGL context was lost.
JavaScript warning: https://g.alicdn.com/AWSC/et/1.62.1/et_n.js, line 1: WEBGL_debug_renderer_info is deprecated in Firefox and will be removed. Please use RENDERER.
JavaScript warning: https://g.alicdn.com/AWSC/et/1.62.1/et_n.js, line 4: WebGL context was lost.
JavaScript warning: https://g.alicdn.com/??xlly/spl/rp.js,secdev/nsv/1.0.78/ns_e_88_3_n.js?v=1, line 5: WebGL context was lost.
JavaScript warning: https://g.alicdn.com/AWSC/fireyejs/1.219.2/fireyejs.js, line 2: WEBGL_debug_renderer_info is deprecated in Firefox and will be removed. Please use RENDERER.
JavaScript warning: https://g.alicdn.com/AWSC/uab/1.140.0/collina.js, line 4: WEBGL_debug_renderer_info is deprecated in Firefox and will be removed. Please use RENDERER.
JavaScript warning: https://g.alicdn.com/secdev/sufei_data/3.9.9/index.js, line 1: WebGL context was lost.
JavaScript warning: https://g.alicdn.com/??xlly/spl/rp.js,secdev/nsv/1.0.78/ns_e_88_3_n.js?v=1, line 5: WebGL context was lost.
JavaScript warning: https://g.alicdn.com/AWSC/et/1.62.1/et_n.js, line 1: WEBGL_debug_renderer_info is deprecated in Firefox and will be removed. Please use RENDERER.
JavaScript warning: https://g.alicdn.com/AWSC/et/1.62.1/et_n.js, line 4: WebGL context was lost.
JavaScript warning: https://g.alicdn.com/secdev/sufei_data/3.9.9/index.js, line 1: WebGL context was lost.
JavaScript warning: https://g.alicdn.com/AWSC/et/1.62.1/et_n.js, line 1: WEBGL_debug_renderer_info is deprecated in Firefox and will be removed. Please use RENDERER.
JavaScript warning: https://g.alicdn.com/AWSC/et/1.62.1/et_n.js, line 4: WebGL context was lost.
JavaScript warning: https://g.alicdn.com/??xlly/spl/rp.js,secdev/nsv/1.0.78/ns_e_88_3_n.js?v=1, line 5: WebGL context was lost.
JavaScript warning: https://g.alicdn.com/AWSC/fireyejs/1.219.2/fireyejs.js, line 2: WEBGL_debug_renderer_info is deprecated in Firefox and will be removed. Please use RENDERER.
JavaScript warning: https://g.alicdn.com/AWSC/uab/1.140.0/collina.js, line 4: WEBGL_debug_renderer_info is deprecated in Firefox and will be removed. Please use RENDERER.
JavaScript warning: https://g.alicdn.com/??mui/mallbar/3.2.37/index.js,kissy/k/1.4.2/swf-min.js,kissy/k/1.4.2/xtemplate-min.js,kissy/k/1.4.2/xtemplate/runtime-min.js,kissy/k/1.4.2/xtemplate/compiler-min.js,mui/mallbar/3.2.37/conf.js,mui/mallbar/3.2.37/util.js,mui/minilogin/3.1.6/index.js,mui/overlay/3.0.10/dialog.js,kissy/k/1.4.2/overlay-min.js,kissy/k/1.4.2/component/container-min.js,kissy/k/1.4.2/component/control-min.js,kissy/k/1.4.2/component/manager-min.js,kissy/k/1.4.2/component/extension/shim-min.js,kissy/k/1.4.2/component/extension/align-min.js,kissy/k/1.4.2/component/extension/content-xtpl-min.js,kissy/k/1.4.2/component/extension/content-render-min.js,mui/mallbar/3.2.37/model.js,mui/mallbar/3.2.37/store.js,mui/storage/3.0.5/index.js,mui/storage/3.0.5/conf.js,mui/storage/3.0.5/util.js,mui/storage/3.0.5/xd.js,mui/storage/3.0.5/name.js,mui/mallbar/3.2.37/mallbar-item.js,mui/mallbar/3.2.37/mallbar-guide.js,mui/mallbar/3.2.37/plugin-prof.js,mui/mallbar/3.2.37/plugin-asset.js,mui/mallbar/3.2.37/plugin-brand.js,mui/mallbar/3.2.37/plugin-live.js,mui/mallbar/3.2.37/plugin-foot.js,mui/mallbar/3.2.37/plugin-top.js,mui/mallbar/3.2.37/plugin-ue.js,mui/mallbar/3.2.37/plugin-qrcode.js,mui/mallbar/3.2.37/plugin-favor.js,mui/mallbar/3.2.37/plugin-charge.js,mui/mallbar/3.2.37/plugin-cart.js,mui/minicart/3.0.38/minicart.js,mui/minicart/3.0.38/model.js,mui/minicart/3.0.38/util.js?t=1_2013072520131122.js, line 24: Using //@ to indicate sourceURL pragmas is deprecated. Use //# instead
JavaScript warning: https://g.alicdn.com/??mui/mallbar/3.2.37/index.js,kissy/k/1.4.2/swf-min.js,kissy/k/1.4.2/xtemplate-min.js,kissy/k/1.4.2/xtemplate/runtime-min.js,kissy/k/1.4.2/xtemplate/compiler-min.js,mui/mallbar/3.2.37/conf.js,mui/mallbar/3.2.37/util.js,mui/minilogin/3.1.6/index.js,mui/overlay/3.0.10/dialog.js,kissy/k/1.4.2/overlay-min.js,kissy/k/1.4.2/component/container-min.js,kissy/k/1.4.2/component/control-min.js,kissy/k/1.4.2/component/manager-min.js,kissy/k/1.4.2/component/extension/shim-min.js,kissy/k/1.4.2/component/extension/align-min.js,kissy/k/1.4.2/component/extension/content-xtpl-min.js,kissy/k/1.4.2/component/extension/content-render-min.js,mui/mallbar/3.2.37/model.js,mui/mallbar/3.2.37/store.js,mui/storage/3.0.5/index.js,mui/storage/3.0.5/conf.js,mui/storage/3.0.5/util.js,mui/storage/3.0.5/xd.js,mui/storage/3.0.5/name.js,mui/mallbar/3.2.37/mallbar-item.js,mui/mallbar/3.2.37/mallbar-guide.js,mui/mallbar/3.2.37/plugin-prof.js,mui/mallbar/3.2.37/plugin-asset.js,mui/mallbar/3.2.37/plugin-brand.js,mui/mallbar/3.2.37/plugin-live.js,mui/mallbar/3.2.37/plugin-foot.js,mui/mallbar/3.2.37/plugin-top.js,mui/mallbar/3.2.37/plugin-ue.js,mui/mallbar/3.2.37/plugin-qrcode.js,mui/mallbar/3.2.37/plugin-favor.js,mui/mallbar/3.2.37/plugin-charge.js,mui/mallbar/3.2.37/plugin-cart.js,mui/minicart/3.0.38/minicart.js,mui/minicart/3.0.38/model.js,mui/minicart/3.0.38/util.js?t=1_2013072520131122.js, line 9: Using //@ to indicate sourceURL pragmas is deprecated. Use //# instead
JavaScript warning: https://g.alicdn.com/??mui/mallbar/3.2.37/index.js,kissy/k/1.4.2/swf-min.js,kissy/k/1.4.2/xtemplate-min.js,kissy/k/1.4.2/xtemplate/runtime-min.js,kissy/k/1.4.2/xtemplate/compiler-min.js,mui/mallbar/3.2.37/conf.js,mui/mallbar/3.2.37/util.js,mui/minilogin/3.1.6/index.js,mui/overlay/3.0.10/dialog.js,kissy/k/1.4.2/overlay-min.js,kissy/k/1.4.2/component/container-min.js,kissy/k/1.4.2/component/control-min.js,kissy/k/1.4.2/component/manager-min.js,kissy/k/1.4.2/component/extension/shim-min.js,kissy/k/1.4.2/component/extension/align-min.js,kissy/k/1.4.2/component/extension/content-xtpl-min.js,kissy/k/1.4.2/component/extension/content-render-min.js,mui/mallbar/3.2.37/model.js,mui/mallbar/3.2.37/store.js,mui/storage/3.0.5/index.js,mui/storage/3.0.5/conf.js,mui/storage/3.0.5/util.js,mui/storage/3.0.5/xd.js,mui/storage/3.0.5/name.js,mui/mallbar/3.2.37/mallbar-item.js,mui/mallbar/3.2.37/mallbar-guide.js,mui/mallbar/3.2.37/plugin-prof.js,mui/mallbar/3.2.37/plugin-asset.js,mui/mallbar/3.2.37/plugin-brand.js,mui/mallbar/3.2.37/plugin-live.js,mui/mallbar/3.2.37/plugin-foot.js,mui/mallbar/3.2.37/plugin-top.js,mui/mallbar/3.2.37/plugin-ue.js,mui/mallbar/3.2.37/plugin-qrcode.js,mui/mallbar/3.2.37/plugin-favor.js,mui/mallbar/3.2.37/plugin-charge.js,mui/mallbar/3.2.37/plugin-cart.js,mui/minicart/3.0.38/minicart.js,mui/minicart/3.0.38/model.js,mui/minicart/3.0.38/util.js?t=1_2013072520131122.js, line 218: Using //@ to indicate sourceURL pragmas is deprecated. Use //# instead
JavaScript warning: https://g.alicdn.com/??mui/mallbar/3.2.37/index.js,kissy/k/1.4.2/swf-min.js,kissy/k/1.4.2/xtemplate-min.js,kissy/k/1.4.2/xtemplate/runtime-min.js,kissy/k/1.4.2/xtemplate/compiler-min.js,mui/mallbar/3.2.37/conf.js,mui/mallbar/3.2.37/util.js,mui/minilogin/3.1.6/index.js,mui/overlay/3.0.10/dialog.js,kissy/k/1.4.2/overlay-min.js,kissy/k/1.4.2/component/container-min.js,kissy/k/1.4.2/component/control-min.js,kissy/k/1.4.2/component/manager-min.js,kissy/k/1.4.2/component/extension/shim-min.js,kissy/k/1.4.2/component/extension/align-min.js,kissy/k/1.4.2/component/extension/content-xtpl-min.js,kissy/k/1.4.2/component/extension/content-render-min.js,mui/mallbar/3.2.37/model.js,mui/mallbar/3.2.37/store.js,mui/storage/3.0.5/index.js,mui/storage/3.0.5/conf.js,mui/storage/3.0.5/util.js,mui/storage/3.0.5/xd.js,mui/storage/3.0.5/name.js,mui/mallbar/3.2.37/mallbar-item.js,mui/mallbar/3.2.37/mallbar-guide.js,mui/mallbar/3.2.37/plugin-prof.js,mui/mallbar/3.2.37/plugin-asset.js,mui/mallbar/3.2.37/plugin-brand.js,mui/mallbar/3.2.37/plugin-live.js,mui/mallbar/3.2.37/plugin-foot.js,mui/mallbar/3.2.37/plugin-top.js,mui/mallbar/3.2.37/plugin-ue.js,mui/mallbar/3.2.37/plugin-qrcode.js,mui/mallbar/3.2.37/plugin-favor.js,mui/mallbar/3.2.37/plugin-charge.js,mui/mallbar/3.2.37/plugin-cart.js,mui/minicart/3.0.38/minicart.js,mui/minicart/3.0.38/model.js,mui/minicart/3.0.38/util.js?t=1_2013072520131122.js, line 148: Using //@ to indicate sourceURL pragmas is deprecated. Use //# instead
JavaScript warning: https://g.alicdn.com/??mui/mallbar/3.2.37/index.js,kissy/k/1.4.2/swf-min.js,kissy/k/1.4.2/xtemplate-min.js,kissy/k/1.4.2/xtemplate/runtime-min.js,kissy/k/1.4.2/xtemplate/compiler-min.js,mui/mallbar/3.2.37/conf.js,mui/mallbar/3.2.37/util.js,mui/minilogin/3.1.6/index.js,mui/overlay/3.0.10/dialog.js,kissy/k/1.4.2/overlay-min.js,kissy/k/1.4.2/component/container-min.js,kissy/k/1.4.2/component/control-min.js,kissy/k/1.4.2/component/manager-min.js,kissy/k/1.4.2/component/extension/shim-min.js,kissy/k/1.4.2/component/extension/align-min.js,kissy/k/1.4.2/component/extension/content-xtpl-min.js,kissy/k/1.4.2/component/extension/content-render-min.js,mui/mallbar/3.2.37/model.js,mui/mallbar/3.2.37/store.js,mui/storage/3.0.5/index.js,mui/storage/3.0.5/conf.js,mui/storage/3.0.5/util.js,mui/storage/3.0.5/xd.js,mui/storage/3.0.5/name.js,mui/mallbar/3.2.37/mallbar-item.js,mui/mallbar/3.2.37/mallbar-guide.js,mui/mallbar/3.2.37/plugin-prof.js,mui/mallbar/3.2.37/plugin-asset.js,mui/mallbar/3.2.37/plugin-brand.js,mui/mallbar/3.2.37/plugin-live.js,mui/mallbar/3.2.37/plugin-foot.js,mui/mallbar/3.2.37/plugin-top.js,mui/mallbar/3.2.37/plugin-ue.js,mui/mallbar/3.2.37/plugin-qrcode.js,mui/mallbar/3.2.37/plugin-favor.js,mui/mallbar/3.2.37/plugin-charge.js,mui/mallbar/3.2.37/plugin-cart.js,mui/minicart/3.0.38/minicart.js,mui/minicart/3.0.38/model.js,mui/minicart/3.0.38/util.js?t=1_2013072520131122.js, line 38: Using //@ to indicate sourceURL pragmas is deprecated. Use //# instead
JavaScript warning: https://g.alicdn.com/??mui/mallbar/3.2.37/index.js,kissy/k/1.4.2/swf-min.js,kissy/k/1.4.2/xtemplate-min.js,kissy/k/1.4.2/xtemplate/runtime-min.js,kissy/k/1.4.2/xtemplate/compiler-min.js,mui/mallbar/3.2.37/conf.js,mui/mallbar/3.2.37/util.js,mui/minilogin/3.1.6/index.js,mui/overlay/3.0.10/dialog.js,kissy/k/1.4.2/overlay-min.js,kissy/k/1.4.2/component/container-min.js,kissy/k/1.4.2/component/control-min.js,kissy/k/1.4.2/component/manager-min.js,kissy/k/1.4.2/component/extension/shim-min.js,kissy/k/1.4.2/component/extension/align-min.js,kissy/k/1.4.2/component/extension/content-xtpl-min.js,kissy/k/1.4.2/component/extension/content-render-min.js,mui/mallbar/3.2.37/model.js,mui/mallbar/3.2.37/store.js,mui/storage/3.0.5/index.js,mui/storage/3.0.5/conf.js,mui/storage/3.0.5/util.js,mui/storage/3.0.5/xd.js,mui/storage/3.0.5/name.js,mui/mallbar/3.2.37/mallbar-item.js,mui/mallbar/3.2.37/mallbar-guide.js,mui/mallbar/3.2.37/plugin-prof.js,mui/mallbar/3.2.37/plugin-asset.js,mui/mallbar/3.2.37/plugin-brand.js,mui/mallbar/3.2.37/plugin-live.js,mui/mallbar/3.2.37/plugin-foot.js,mui/mallbar/3.2.37/plugin-top.js,mui/mallbar/3.2.37/plugin-ue.js,mui/mallbar/3.2.37/plugin-qrcode.js,mui/mallbar/3.2.37/plugin-favor.js,mui/mallbar/3.2.37/plugin-charge.js,mui/mallbar/3.2.37/plugin-cart.js,mui/minicart/3.0.38/minicart.js,mui/minicart/3.0.38/model.js,mui/minicart/3.0.38/util.js?t=1_2013072520131122.js, line 100: Using //@ to indicate sourceURL pragmas is deprecated. Use //# instead
JavaScript warning: https://g.alicdn.com/??mui/mallbar/3.2.37/index.js,kissy/k/1.4.2/swf-min.js,kissy/k/1.4.2/xtemplate-min.js,kissy/k/1.4.2/xtemplate/runtime-min.js,kissy/k/1.4.2/xtemplate/compiler-min.js,mui/mallbar/3.2.37/conf.js,mui/mallbar/3.2.37/util.js,mui/minilogin/3.1.6/index.js,mui/overlay/3.0.10/dialog.js,kissy/k/1.4.2/overlay-min.js,kissy/k/1.4.2/component/container-min.js,kissy/k/1.4.2/component/control-min.js,kissy/k/1.4.2/component/manager-min.js,kissy/k/1.4.2/component/extension/shim-min.js,kissy/k/1.4.2/component/extension/align-min.js,kissy/k/1.4.2/component/extension/content-xtpl-min.js,kissy/k/1.4.2/component/extension/content-render-min.js,mui/mallbar/3.2.37/model.js,mui/mallbar/3.2.37/store.js,mui/storage/3.0.5/index.js,mui/storage/3.0.5/conf.js,mui/storage/3.0.5/util.js,mui/storage/3.0.5/xd.js,mui/storage/3.0.5/name.js,mui/mallbar/3.2.37/mallbar-item.js,mui/mallbar/3.2.37/mallbar-guide.js,mui/mallbar/3.2.37/plugin-prof.js,mui/mallbar/3.2.37/plugin-asset.js,mui/mallbar/3.2.37/plugin-brand.js,mui/mallbar/3.2.37/plugin-live.js,mui/mallbar/3.2.37/plugin-foot.js,mui/mallbar/3.2.37/plugin-top.js,mui/mallbar/3.2.37/plugin-ue.js,mui/mallbar/3.2.37/plugin-qrcode.js,mui/mallbar/3.2.37/plugin-favor.js,mui/mallbar/3.2.37/plugin-charge.js,mui/mallbar/3.2.37/plugin-cart.js,mui/minicart/3.0.38/minicart.js,mui/minicart/3.0.38/model.js,mui/minicart/3.0.38/util.js?t=1_2013072520131122.js, line 21: Using //@ to indicate sourceURL pragmas is deprecated. Use //# instead
[Child 7588, MediaDecoderStateMachine #1] WARNING: 23a2ebe2740 Could not set cubeb stream name.: file /builds/worker/checkouts/gecko/dom/media/AudioStream.cpp:375
[Child 7588, MediaDecoderStateMachine #1] WARNING: 23a254ef200 Could not set cubeb stream name.: file /builds/worker/checkouts/gecko/dom/media/AudioStream.cpp:375
1644989411358	Marionette	INFO	Stopped listening on port 57234

###!!! [Child][PContentChild] Error: Send(msgname=PHttpChannel::Msg_DeletingChannel) Channel closing: too late to send/recv, messages will be lost


###!!! [Parent][PGPUParent] Error: RunMessage(msgname=PGPU::Msg_ShutdownVR) Channel closing: too late to send/recv, messages will be lost

1644989542334	geckodriver	INFO	Listening on 127.0.0.1:57493
1644989545386	mozrunner::runner	INFO	Running command: "C:\\Program Files\\Mozilla Firefox\\firefox.exe" "--marionette" "-foreground" "-no-remote" "-profile" "C:\\Users\\asus\\AppData\\Local\\Temp\\rust_mozprofileJDfxA4"
1644989545859	Marionette	INFO	Marionette enabled
console.warn: SearchSettings: "get: No settings file exists, new profile?" (new NotFoundError("Could not open the file at C:\\Users\\asus\\AppData\\Local\\Temp\\rust_mozprofileJDfxA4\\search.json.mozlz4", (void 0)))
1644989548296	Marionette	INFO	Listening on port 57501
1644989548547	RemoteAgent	WARN	TLS certificate errors will be ignored for this session
JavaScript warning: https://g.alicdn.com/??kissy/k/6.2.4/seed-min.js,kg/global-util/1.0.7/index-min.js,secdev/sufei_data/3.8.7/index.js, line 6: WebGL context was lost.
JavaScript warning: https://g.alicdn.com/AWSC/et/1.62.1/et_n.js, line 1: WEBGL_debug_renderer_info is deprecated in Firefox and will be removed. Please use RENDERER.
JavaScript warning: https://g.alicdn.com/AWSC/et/1.62.1/et_n.js, line 4: WebGL context was lost.
JavaScript warning: https://g.alicdn.com/AWSC/fireyejs/1.219.2/fireyejs.js, line 2: WEBGL_debug_renderer_info is deprecated in Firefox and will be removed. Please use RENDERER.
JavaScript warning: https://g.alicdn.com/AWSC/uab/1.140.0/collina.js, line 4: WEBGL_debug_renderer_info is deprecated in Firefox and will be removed. Please use RENDERER.
JavaScript warning: https://g.alicdn.com/secdev/sufei_data/3.9.9/index.js, line 1: WebGL context was lost.
JavaScript warning: https://g.alicdn.com/??xlly/spl/rp.js,secdev/nsv/1.0.78/ns_e_88_3_n.js?v=1, line 5: WebGL context was lost.
JavaScript warning: https://g.alicdn.com/AWSC/et/1.62.1/et_n.js, line 1: WEBGL_debug_renderer_info is deprecated in Firefox and will be removed. Please use RENDERER.
JavaScript warning: https://g.alicdn.com/AWSC/et/1.62.1/et_n.js, line 4: WebGL context was lost.
JavaScript warning: https://g.alicdn.com/AWSC/fireyejs/1.219.2/fireyejs.js, line 2: WEBGL_debug_renderer_info is deprecated in Firefox and will be removed. Please use RENDERER.
JavaScript warning: https://g.alicdn.com/AWSC/uab/1.140.0/collina.js, line 4: WEBGL_debug_renderer_info is deprecated in Firefox and will be removed. Please use RENDERER.
JavaScript warning: https://g.alicdn.com/secdev/sufei_data/3.9.9/index.js, line 1: WebGL context was lost.
JavaScript warning: https://g.alicdn.com/??xlly/spl/rp.js,secdev/nsv/1.0.78/ns_e_88_3_n.js?v=1, line 5: WebGL context was lost.
JavaScript error: resource://gre/actors/AutoCompleteChild.jsm, line 125: Error: Invalid autocomplete selectedIndex
JavaScript error: resource://gre/actors/AutoCompleteChild.jsm, line 125: Error: Invalid autocomplete selectedIndex
JavaScript error: resource://gre/modules/LoginManagerChild.jsm, line 194: NS_ERROR_XPC_JAVASCRIPT_ERROR_WITH_DETAILS: [JavaScript Error: "Invalid autocomplete selectedIndex" {file: "resource://gre/actors/AutoCompleteChild.jsm" line: 125}]'[JavaScript Error: "Invalid autocomplete selectedIndex" {file: "resource://gre/actors/AutoCompleteChild.jsm" line: 125}]' when calling method: [nsIAutoCompletePopup::selectedIndex]
JavaScript warning: https://g.alicdn.com/secdev/sufei_data/3.9.9/index.js, line 1: WebGL context was lost.
JavaScript warning: https://g.alicdn.com/AWSC/et/1.62.1/et_n.js, line 1: WEBGL_debug_renderer_info is deprecated in Firefox and will be removed. Please use RENDERER.
JavaScript warning: https://g.alicdn.com/AWSC/et/1.62.1/et_n.js, line 4: WebGL context was lost.
JavaScript warning: https://g.alicdn.com/??xlly/spl/rp.js,secdev/nsv/1.0.78/ns_e_88_3_n.js?v=1, line 5: WebGL context was lost.
JavaScript warning: https://g.alicdn.com/AWSC/uab/1.140.0/collina.js, line 4: WEBGL_debug_renderer_info is deprecated in Firefox and will be removed. Please use RENDERER.
1644989605858	Marionette	INFO	Stopped listening on port 57501
JavaScript error: chrome://remote/content/marionette/cert.js, line 55: NS_ERROR_NOT_AVAILABLE: Component returned failure code: 0x80040111 (NS_ERROR_NOT_AVAILABLE) [nsICertOverrideService.setDisableAllSecurityChecksAndLetAttackersInterceptMyData]

###!!! [Parent][PGPUParent] Error: RunMessage(msgname=PGPU::Msg_ShutdownVR) Channel closing: too late to send/recv, messages will be lost

1644989729620	geckodriver	INFO	Listening on 127.0.0.1:57667
1644989732676	mozrunner::runner	INFO	Running command: "C:\\Program Files\\Mozilla Firefox\\firefox.exe" "--marionette" "-foreground" "-no-remote" "-profile" "C:\\Users\\asus\\AppData\\Local\\Temp\\rust_mozprofilerUtM72"
1644989733154	Marionette	INFO	Marionette enabled
console.warn: SearchSettings: "get: No settings file exists, new profile?" (new NotFoundError("Could not open the file at C:\\Users\\asus\\AppData\\Local\\Temp\\rust_mozprofilerUtM72\\search.json.mozlz4", (void 0)))
1644989735712	Marionette	INFO	Listening on port 57675
1644989735858	RemoteAgent	WARN	TLS certificate errors will be ignored for this session
1644989736497	Marionette	INFO	Stopped listening on port 57675
console.error: Region.jsm: "Error fetching region" (new TypeError("NetworkError when attempting to fetch resource.", ""))
console.error: Region.jsm: "Failed to fetch region" (new Error("NO_RESULT", "resource://gre/modules/Region.jsm", 419))
JavaScript error: chrome://remote/content/marionette/cert.js, line 55: NS_ERROR_NOT_AVAILABLE: Component returned failure code: 0x80040111 (NS_ERROR_NOT_AVAILABLE) [nsICertOverrideService.setDisableAllSecurityChecksAndLetAttackersInterceptMyData]

###!!! [Parent][PGPUParent] Error: RunMessage(msgname=PGPU::Msg_ShutdownVR) Channel closing: too late to send/recv, messages will be lost

1644989742723	geckodriver	INFO	Listening on 127.0.0.1:57708
1644989745787	mozrunner::runner	INFO	Running command: "C:\\Program Files\\Mozilla Firefox\\firefox.exe" "--marionette" "-foreground" "-no-remote" "-profile" "C:\\Users\\asus\\AppData\\Local\\Temp\\rust_mozprofileIamfR8"
1644989746237	Marionette	INFO	Marionette enabled
console.warn: SearchSettings: "get: No settings file exists, new profile?" (new NotFoundError("Could not open the file at C:\\Users\\asus\\AppData\\Local\\Temp\\rust_mozprofileIamfR8\\search.json.mozlz4", (void 0)))
1644989748671	Marionette	INFO	Listening on port 57716
1644989748965	RemoteAgent	WARN	TLS certificate errors will be ignored for this session
JavaScript warning: https://g.alicdn.com/??kissy/k/6.2.4/seed-min.js,kg/global-util/1.0.7/index-min.js,secdev/sufei_data/3.8.7/index.js, line 6: WebGL context was lost.
JavaScript warning: https://g.alicdn.com/secdev/sufei_data/3.9.9/index.js, line 1: WebGL context was lost.
JavaScript warning: https://g.alicdn.com/??xlly/spl/rp.js,secdev/nsv/1.0.78/ns_e_88_3_n.js?v=1, line 5: WebGL context was lost.
JavaScript warning: https://g.alicdn.com/AWSC/et/1.62.1/et_n.js, line 1: WEBGL_debug_renderer_info is deprecated in Firefox and will be removed. Please use RENDERER.
JavaScript warning: https://g.alicdn.com/AWSC/et/1.62.1/et_n.js, line 4: WebGL context was lost.
JavaScript warning: https://g.alicdn.com/AWSC/fireyejs/1.219.2/fireyejs.js, line 2: WEBGL_debug_renderer_info is deprecated in Firefox and will be removed. Please use RENDERER.
JavaScript warning: https://g.alicdn.com/AWSC/uab/1.140.0/collina.js, line 4: WEBGL_debug_renderer_info is deprecated in Firefox and will be removed. Please use RENDERER.
1644989780093	Marionette	INFO	Stopped listening on port 57716

###!!! [Parent][PGPUParent] Error: RunMessage(msgname=PGPU::Msg_ShutdownVR) Channel closing: too late to send/recv, messages will be lost

1644991737002	geckodriver	INFO	Listening on 127.0.0.1:59461
1644991740056	mozrunner::runner	INFO	Running command: "C:\\Program Files\\Mozilla Firefox\\firefox.exe" "--marionette" "-foreground" "-no-remote" "-profile" "C:\\Users\\asus\\AppData\\Local\\Temp\\rust_mozprofilegH3oME"
1644991740551	Marionette	INFO	Marionette enabled
console.warn: SearchSettings: "get: No settings file exists, new profile?" (new NotFoundError("Could not open the file at C:\\Users\\asus\\AppData\\Local\\Temp\\rust_mozprofilegH3oME\\search.json.mozlz4", (void 0)))
1644991742905	Marionette	INFO	Listening on port 59472
1644991743283	RemoteAgent	WARN	TLS certificate errors will be ignored for this session
JavaScript warning: https://g.alicdn.com/??kissy/k/6.2.4/seed-min.js,kg/global-util/1.0.7/index-min.js,secdev/sufei_data/3.8.7/index.js, line 6: WebGL context was lost.
JavaScript warning: https://g.alicdn.com/AWSC/et/1.62.1/et_n.js, line 1: WEBGL_debug_renderer_info is deprecated in Firefox and will be removed. Please use RENDERER.
JavaScript warning: https://g.alicdn.com/AWSC/et/1.62.1/et_n.js, line 4: WebGL context was lost.
JavaScript warning: https://g.alicdn.com/AWSC/fireyejs/1.219.2/fireyejs.js, line 2: WEBGL_debug_renderer_info is deprecated in Firefox and will be removed. Please use RENDERER.
JavaScript warning: https://g.alicdn.com/secdev/sufei_data/3.9.9/index.js, line 1: WebGL context was lost.
JavaScript warning: https://g.alicdn.com/??xlly/spl/rp.js,secdev/nsv/1.0.78/ns_e_88_3_n.js?v=1, line 5: WebGL context was lost.
JavaScript warning: https://g.alicdn.com/AWSC/uab/1.140.0/collina.js, line 4: WEBGL_debug_renderer_info is deprecated in Firefox and will be removed. Please use RENDERER.
JavaScript warning: https://g.alicdn.com/AWSC/et/1.62.1/et_n.js, line 1: WEBGL_debug_renderer_info is deprecated in Firefox and will be removed. Please use RENDERER.
JavaScript warning: https://g.alicdn.com/AWSC/et/1.62.1/et_n.js, line 4: WebGL context was lost.
JavaScript warning: https://g.alicdn.com/AWSC/fireyejs/1.219.2/fireyejs.js, line 2: WEBGL_debug_renderer_info is deprecated in Firefox and will be removed. Please use RENDERER.
JavaScript warning: https://g.alicdn.com/AWSC/uab/1.140.0/collina.js, line 4: WEBGL_debug_renderer_info is deprecated in Firefox and will be removed. Please use RENDERER.
JavaScript warning: https://g.alicdn.com/secdev/sufei_data/3.9.9/index.js, line 1: WebGL context was lost.
JavaScript warning: https://g.alicdn.com/??xlly/spl/rp.js,secdev/nsv/1.0.78/ns_e_88_3_n.js?v=1, line 5: WebGL context was lost.
1644992161064	Marionette	INFO	Stopped listening on port 59472
[Parent 10148, IPC I/O Parent] WARNING: file /builds/worker/checkouts/gecko/ipc/chromium/src/base/process_util_win.cc:167

###!!! [Parent][PGPUParent] Error: RunMessage(msgname=PGPU::Msg_ShutdownVR) Channel closing: too late to send/recv, messages will be lost


console.warn: SearchSettings: "get: No settings file exists, new profile?" (new NotFoundError("Could not open the file at C:\\Users\\asus\\AppData\\Local\\Temp\\rust_mozprofilePaF7nF\\search.json.mozlz4", (void 0)))
1644991910761	Marionette	INFO	Listening on port 59721
1644991911152	RemoteAgent	WARN	TLS certificate errors will be ignored for this session
JavaScript warning: https://g.alicdn.com/??kissy/k/6.2.4/seed-min.js,kg/global-util/1.0.7/index-min.js,secdev/sufei_data/3.8.7/index.js, line 6: WebGL context was lost.
JavaScript warning: https://g.alicdn.com/??xlly/spl/rp.js,secdev/nsv/1.0.78/ns_e_88_3_n.js?v=1, line 5: WebGL context was lost.
JavaScript warning: https://g.alicdn.com/AWSC/et/1.62.1/et_n.js, line 1: WEBGL_debug_renderer_info is deprecated in Firefox and will be removed. Please use RENDERER.
JavaScript warning: https://g.alicdn.com/AWSC/et/1.62.1/et_n.js, line 4: WebGL context was lost.
JavaScript warning: https://g.alicdn.com/AWSC/et/1.62.1/et_n.js, line 1: WEBGL_debug_renderer_info is deprecated in Firefox and will be removed. Please use RENDERER.
JavaScript warning: https://g.alicdn.com/AWSC/et/1.62.1/et_n.js, line 4: WebGL context was lost.
JavaScript warning: https://g.alicdn.com/AWSC/fireyejs/1.219.2/fireyejs.js, line 2: WEBGL_debug_renderer_info is deprecated in Firefox and will be removed. Please use RENDERER.
JavaScript warning: https://g.alicdn.com/??xlly/spl/rp.js,secdev/nsv/1.0.78/ns_e_88_3_n.js?v=1, line 5: WebGL context was lost.
JavaScript warning: https://g.alicdn.com/AWSC/uab/1.140.0/collina.js, line 4: WEBGL_debug_renderer_info is deprecated in Firefox and will be removed. Please use RENDERER.
JavaScript warning: https://g.alicdn.com/secdev/sufei_data/3.9.9/index.js, line 1: WebGL context was lost.
JavaScript warning: https://g.alicdn.com/??kissy/k/6.2.4/seed-min.js,kg/global-util/1.0.7/index-min.js,secdev/sufei_data/3.8.7/index.js, line 6: WebGL context was lost.
JavaScript warning: https://g.alicdn.com/AWSC/et/1.62.1/et_n.js, line 1: WEBGL_debug_renderer_info is deprecated in Firefox and will be removed. Please use RENDERER.
JavaScript warning: https://g.alicdn.com/AWSC/et/1.62.1/et_n.js, line 4: WebGL context was lost.
JavaScript warning: https://g.alicdn.com/??xlly/spl/rp.js,secdev/nsv/1.0.78/ns_e_88_3_n.js?v=1, line 5: WebGL context was lost.
JavaScript warning: https://g.alicdn.com/secdev/sufei_data/3.9.9/index.js, line 1: WebGL context was lost.
JavaScript warning: https://g.alicdn.com/AWSC/et/1.62.1/et_n.js, line 1: WEBGL_debug_renderer_info is deprecated in Firefox and will be removed. Please use RENDERER.
JavaScript warning: https://g.alicdn.com/AWSC/et/1.62.1/et_n.js, line 4: WebGL context was lost.
JavaScript warning: https://g.alicdn.com/??xlly/spl/rp.js,secdev/nsv/1.0.78/ns_e_88_3_n.js?v=1, line 5: WebGL context was lost.
1644992047662	Marionette	INFO	Stopped listening on port 59721
JavaScript error: chrome://remote/content/marionette/cert.js, line 55: NS_ERROR_NOT_AVAILABLE: Component returned failure code: 0x80040111 (NS_ERROR_NOT_AVAILABLE) [nsICertOverrideService.setDisableAllSecurityChecksAndLetAttackersInterceptMyData]

###!!! [Parent][PGPUParent] Error: RunMessage(msgname=PGPU::Msg_ShutdownVR) Channel closing: too late to send/recv, messages will be lost

1644993357322	geckodriver	INFO	Listening on 127.0.0.1:55717
1644993360400	mozrunner::runner	INFO	Running command: "C:\\Program Files\\Mozilla Firefox\\firefox.exe" "--marionette" "-foreground" "-no-remote" "-profile" "C:\\Users\\asus\\AppData\\Local\\Temp\\rust_mozprofilenCHxHA"
1644993361313	Marionette	INFO	Marionette enabled
console.warn: SearchSettings: "get: No settings file exists, new profile?" (new NotFoundError("Could not open the file at C:\\Users\\asus\\AppData\\Local\\Temp\\rust_mozprofilenCHxHA\\search.json.mozlz4", (void 0)))
console.warn: TopSitesFeed: Failed to fetch data from Contile server: NetworkError when attempting to fetch resource.
console.error: Region.jsm: "Error fetching region" (new TypeError("NetworkError when attempting to fetch resource.", ""))
console.error: Region.jsm: "Failed to fetch region" (new Error("NO_RESULT", "resource://gre/modules/Region.jsm", 419))
console.error: "Could not load engine google@search.mozilla.org: TypeError: policy is null"
console.error: "Could not load engine wikipedia@search.mozilla.org: TypeError: AddonManagerInternal._getProviderByName(...) is undefined"
console.error: "Could not load engine ddg@search.mozilla.org: TypeError: AddonManagerInternal._getProviderByName(...) is undefined"
console.warn: SearchService: "_init: abandoning init due to shutting down"
JavaScript error: resource://gre/modules/AsyncShutdown.jsm, line 575: uncaught exception: 2147500036
JavaScript error: resource://gre/modules/AsyncShutdown.jsm, line 575: uncaught exception: 2147500036
JavaScript error: resource://gre/modules/AsyncShutdown.jsm, line 575: uncaught exception: 2147500036
JavaScript error: resource://gre/modules/AsyncShutdown.jsm, line 575: uncaught exception: 2147500036
JavaScript error: resource://gre/modules/AsyncShutdown.jsm, line 575: uncaught exception: 2147500036
JavaScript error: resource://gre/modules/AsyncShutdown.jsm, line 575: uncaught exception: 2147500036
1644993376909	geckodriver	INFO	Listening on 127.0.0.1:55755
1644993379998	mozrunner::runner	INFO	Running command: "C:\\Program Files\\Mozilla Firefox\\firefox.exe" "--marionette" "-foreground" "-no-remote" "-profile" "C:\\Users\\asus\\AppData\\Local\\Temp\\rust_mozprofileD3fDvx"
1644993380402	Marionette	INFO	Marionette enabled
console.warn: SearchSettings: "get: No settings file exists, new profile?" (new NotFoundError("Could not open the file at C:\\Users\\asus\\AppData\\Local\\Temp\\rust_mozprofileD3fDvx\\search.json.mozlz4", (void 0)))
1644993382331	Marionette	INFO	Listening on port 55766
1644993382675	RemoteAgent	WARN	TLS certificate errors will be ignored for this session
1644993385250	Marionette	INFO	Stopped listening on port 55766
console.error: services.settings: 
  main/message-groups Signature failed  TypeError: NetworkError: Network request failed

###!!! [Parent][PGPUParent] Error: RunMessage(msgname=PGPU::Msg_ShutdownVR) Channel closing: too late to send/recv, messages will be lost

